0 info it worked if it ends with ok
1 verbose cli [ 'C:\\Program Files\\nodejs\\node.exe',
1 verbose cli   'C:\\Program Files\\nodejs\\node_modules\\npm\\bin\\npm-cli.js',
1 verbose cli   'start' ]
2 info using npm@3.10.8
3 info using node@v6.6.0
4 verbose run-script [ 'prestart', 'start', 'poststart' ]
5 info lifecycle universal@1.0.0~prestart: universal@1.0.0
6 silly lifecycle universal@1.0.0~prestart: no script for prestart, continuing
7 info lifecycle universal@1.0.0~start: universal@1.0.0
8 verbose lifecycle universal@1.0.0~start: unsafe-perm in lifecycle true
9 verbose lifecycle universal@1.0.0~start: PATH: C:\Program Files\nodejs\node_modules\npm\bin\node-gyp-bin;C:\www\node\lantosistvan\universal\node_modules\.bin;C:\Program Files\ConEmu\ConEmu\Scripts;C:\Program Files\ConEmu;C:\Program Files\ConEmu\ConEmu;c:\windows\system32;c:\windows;c:\windows\system32\wbem;c:\windows\system32\windowspowershell\v1.0\;c:\program files\oracle\virtualbox;c:\temp\pstools;c:\program files\common files\autodesk shared\;c:\users\lanti\jpeg-archive;c:\users\lanti\cmd;c:\users\lanti\lame-mp3;c:\go\bin;c:\www\gocode\bin;c:\windows\system32;c:\windows;c:\windows\system32\wbem;c:\windows\system32\windowspowershell\v1.0\;c:\users\lanti\exiftool;c:\program files (x86)\heroku\bin;c:\program files (x86)\skype\phone\;c:\mongodb\bin;c:\users\lanti\imagemagick;c:\vim;C:\Users\Lanti\AppData\Local\Programs\Python\Python35;c:\msys64\mingw64\bin;c:\msys64\mingw32\bin;c:\msys64\usr\bin;c:\windows\system32;c:\windows;c:\windows\system32\wbem;c:\windows\system32\windowspowershell\v1.0\;C:\Program Files (x86)\NVIDIA Corporation\PhysX\Common;C:\Program Files\PostgreSQL\9.6\bin;C:\Users\Lanti\AppData\Local\atom\bin;C:\swift\bin;C:\Program Files\nodejs\;C:\Users\Lanti\AppData\Local\Programs\Python\Python35\Scripts\;C:\Users\Lanti\AppData\Local\Programs\Python\Python35\;C:\Users\Lanti\AppData\Local\Microsoft\WindowsApps;C:\Users\Lanti\AppData\Roaming\npm
10 verbose lifecycle universal@1.0.0~start: CWD: C:\www\node\lantosistvan\universal
11 silly lifecycle universal@1.0.0~start: Args: [ '/d /s /c', 'gulp "default"' ]
12 silly lifecycle universal@1.0.0~start: Returned: code: 1  signal: null
13 info lifecycle universal@1.0.0~start: Failed to exec start script
14 verbose stack Error: universal@1.0.0 start: `gulp "default"`
14 verbose stack Exit status 1
14 verbose stack     at EventEmitter.<anonymous> (C:\Program Files\nodejs\node_modules\npm\lib\utils\lifecycle.js:255:16)
14 verbose stack     at emitTwo (events.js:106:13)
14 verbose stack     at EventEmitter.emit (events.js:191:7)
14 verbose stack     at ChildProcess.<anonymous> (C:\Program Files\nodejs\node_modules\npm\lib\utils\spawn.js:40:14)
14 verbose stack     at emitTwo (events.js:106:13)
14 verbose stack     at ChildProcess.emit (events.js:191:7)
14 verbose stack     at maybeClose (internal/child_process.js:877:16)
14 verbose stack     at Process.ChildProcess._handle.onexit (internal/child_process.js:226:5)
15 verbose pkgid universal@1.0.0
16 verbose cwd C:\www\node\lantosistvan\universal
17 error Windows_NT 10.0.14393
18 error argv "C:\\Program Files\\nodejs\\node.exe" "C:\\Program Files\\nodejs\\node_modules\\npm\\bin\\npm-cli.js" "start"
19 error node v6.6.0
20 error npm  v3.10.8
21 error code ELIFECYCLE
22 error universal@1.0.0 start: `gulp "default"`
22 error Exit status 1
23 error Failed at the universal@1.0.0 start script 'gulp "default"'.
23 error Make sure you have the latest version of node.js and npm installed.
23 error If you do, this is most likely a problem with the universal package,
23 error not with npm itself.
23 error Tell the author that this fails on your system:
23 error     gulp "default"
23 error You can get information on how to open an issue for this project with:
23 error     npm bugs universal
23 error Or if that isn't available, you can get their info via:
23 error     npm owner ls universal
23 error There is likely additional logging output above.
24 verbose exit [ 1, true ]
